<?xml version="1.0" encoding="UTF-8"?>
<!-- Generated by org.testng.reporters.JUnitReportReporter -->
<testsuite hostname="Nurul" failures="0" tests="1" name="makeMyTrip.validateAutoSuggestion" time="8.256" errors="0" timestamp="22 Aug 2019 08:53:36 GMT" skipped="0">
  <testcase classname="makeMyTrip.validateAutoSuggestion" name="validateSearch" time="8.256"/>
</testsuite> <!-- makeMyTrip.validateAutoSuggestion -->
