<?xml version="1.0" encoding="UTF-8"?>
<!-- Generated by org.testng.reporters.JUnitReportReporter -->
<testsuite hostname="Nurul" failures="0" tests="1" name="makeMyTrip.flightBooking" time="18.401" errors="0" timestamp="22 Aug 2019 10:16:42 GMT" skipped="0">
  <testcase classname="makeMyTrip.flightBooking" name="bookingFlight" time="18.401"/>
</testsuite> <!-- makeMyTrip.flightBooking -->
